Unity Editor version:    2021.3.4f1 (cb45f9cae8b7)
Branch:                  2021.3/staging
Build type:              Release
Batch mode:              YES
macOS version:           Version 14.5 (Build 23F79)
Darwin version:          23.5.0
Architecture:            arm64
Running under Rosetta:   NO
Available memory:        8192 MB
Using pre-set license
Pro License: YES

COMMAND LINE ARGUMENTS:
/Applications/Unity/Hub/Editor/2021.3.4f1/Unity.app/Contents/MacOS/Unity
-adb2
-batchMode
-noUpm
-name
AssetImportWorker1
-projectPath
/Users/gsp_tech/Lecture_room
-logFile
Logs/AssetImportWorker1.log
-srvPort
50789
Successfully changed project path to: /Users/gsp_tech/Lecture_room
/Users/gsp_tech/Lecture_room
[UnityMemory] Configuration Parameters - Can be set up in boot.config
    "memorysetup-bucket-allocator-granularity=16"
    "memorysetup-bucket-allocator-bucket-count=8"
    "memorysetup-bucket-allocator-block-size=33554432"
    "memorysetup-bucket-allocator-block-count=8"
    "memorysetup-main-allocator-block-size=16777216"
    "memorysetup-thread-allocator-block-size=16777216"
    "memorysetup-gfx-main-allocator-block-size=16777216"
    "memorysetup-gfx-thread-allocator-block-size=16777216"
    "memorysetup-cache-allocator-block-size=4194304"
    "memorysetup-typetree-allocator-block-size=2097152"
    "memorysetup-profiler-bucket-allocator-granularity=16"
    "memorysetup-profiler-bucket-allocator-bucket-count=8"
    "memorysetup-profiler-bucket-allocator-block-size=33554432"
    "memorysetup-profiler-bucket-allocator-block-count=8"
    "memorysetup-profiler-allocator-block-size=16777216"
    "memorysetup-profiler-editor-allocator-block-size=1048576"
    "memorysetup-temp-allocator-size-main=16777216"
    "memorysetup-job-temp-allocator-block-size=2097152"
    "memorysetup-job-temp-allocator-block-size-background=1048576"
    "memorysetup-job-temp-allocator-reduction-small-platforms=262144"
    "memorysetup-temp-allocator-size-background-worker=32768"
    "memorysetup-temp-allocator-size-job-worker=262144"
    "memorysetup-temp-allocator-size-preload-manager=33554432"
    "memorysetup-temp-allocator-size-nav-mesh-worker=65536"
    "memorysetup-temp-allocator-size-audio-worker=65536"
    "memorysetup-temp-allocator-size-cloud-worker=32768"
    "memorysetup-temp-allocator-size-gi-baking-worker=262144"
    "memorysetup-temp-allocator-size-gfx=262144"
Refreshing native plugins compatible for Editor in 68.31 ms, found 2 plugins.
Preloading 0 native plugins for Editor in 0.00 ms.
Initialize engine version: 2021.3.4f1 (cb45f9cae8b7)
[Subsystems] Discovering subsystems at path /Applications/Unity/Hub/Editor/2021.3.4f1/Unity.app/Contents/Resources/UnitySubsystems
[Subsystems] Discovering subsystems at path /Users/gsp_tech/Lecture_room/Assets
GfxDevice: creating device client; threaded=0; jobified=0
 preferred device: Apple M2 (high power)
Metal devices available: 1
0: Apple M2 (high power)
Using device Apple M2 (high power)
Initializing Metal device caps: Apple M2
Initialize mono
Mono path[0] = '/Applications/Unity/Hub/Editor/2021.3.4f1/Unity.app/Contents/Managed'
Mono path[1] = '/Applications/Unity/Hub/Editor/2021.3.4f1/Unity.app/Contents/MonoBleedingEdge/lib/mono/unityjit-macos'
Mono config path = '/Applications/Unity/Hub/Editor/2021.3.4f1/Unity.app/Contents/MonoBleedingEdge/etc'
Using monoOptions --debugger-agent=transport=dt_socket,embedding=1,server=y,suspend=n,address=127.0.0.1:56997
Begin MonoManager ReloadAssembly
Registering precompiled unity dll's ...
Register platform support module: /Applications/Unity/Hub/Editor/2021.3.4f1/Unity.app/Contents/PlaybackEngines/MacStandaloneSupport/UnityEditor.OSXStandalone.Extensions.dll
Register platform support module: /Applications/Unity/Hub/Editor/2021.3.4f1/PlaybackEngines/AndroidPlayer/UnityEditor.Android.Extensions.dll
Register platform support module: /Applications/Unity/Hub/Editor/2021.3.4f1/PlaybackEngines/iOSSupport/UnityEditor.iOS.Extensions.dll
Register platform support module: /Applications/Unity/Hub/Editor/2021.3.4f1/PlaybackEngines/WindowsStandaloneSupport/UnityEditor.WindowsStandalone.Extensions.dll
Registered in 0.003732 seconds.
Native extension for WindowsStandalone target not found
[usbmuxd] Start listen thread
[usbmuxd] Listen thread started
[usbmuxd] Send listen message
Native extension for iOS target not found
2024-07-22 12:02:29.930 Unity[3997:75874] [XcodeApplications] Failed to read NSDictionary from path @^8/Contents/Info.plist
Native extension for Android target not found
Native extension for OSXStandalone target not found
Refreshing native plugins compatible for Editor in 65.21 ms, found 2 plugins.
Preloading 0 native plugins for Editor in 0.00 ms.
Mono: successfully reloaded assembly
- Completed reload, in  0.434 seconds
Domain Reload Profiling:
	ReloadAssembly (434ms)
		BeginReloadAssembly (61ms)
			ExecutionOrderSort (0ms)
			DisableScriptedObjects (0ms)
			BackupInstance (0ms)
			ReleaseScriptingObjects (0ms)
			CreateAndSetChildDomain (0ms)
		EndReloadAssembly (311ms)
			LoadAssemblies (62ms)
			RebuildTransferFunctionScriptingTraits (0ms)
			SetupTypeCache (62ms)
			ReleaseScriptCaches (0ms)
			RebuildScriptCaches (17ms)
			SetupLoadedEditorAssemblies (207ms)
				LogAssemblyErrors (0ms)
				InitializePlatformSupportModulesInManaged (74ms)
				SetLoadedEditorAssemblies (0ms)
				RefreshPlugins (65ms)
				BeforeProcessingInitializeOnLoad (1ms)
				ProcessInitializeOnLoadAttributes (45ms)
				ProcessInitializeOnLoadMethodAttributes (23ms)
				AfterProcessingInitializeOnLoad (0ms)
				EditorAssembliesLoaded (0ms)
			ExecutionOrderSort2 (0ms)
			AwakeInstancesAfterBackupRestoration (0ms)
Platform modules already initialized, skipping
Registering precompiled user dll's ...
Registered in 0.006410 seconds.
Begin MonoManager ReloadAssembly
Symbol file LoadedFromMemory doesn't match image /Users/gsp_tech/Lecture_room/Library/PackageCache/com.unity.visualscripting@1.7.8/Editor/VisualScripting.Core/Dependencies/YamlDotNet/Unity.VisualScripting.YamlDotNet.dll
Symbol file LoadedFromMemory doesn't match image /Users/gsp_tech/Lecture_room/Library/PackageCache/com.unity.visualscripting@1.7.8/Editor/VisualScripting.Core/Dependencies/DotNetZip/Unity.VisualScripting.IonicZip.dll
Native extension for WindowsStandalone target not found
Native extension for iOS target not found
Native extension for Android target not found
Native extension for OSXStandalone target not found
Refreshing native plugins compatible for Editor in 64.62 ms, found 2 plugins.
Preloading 0 native plugins for Editor in 0.00 ms.
Package Manager log level set to [2]
Mono: successfully reloaded assembly
- Completed reload, in  0.825 seconds
Domain Reload Profiling:
	ReloadAssembly (825ms)
		BeginReloadAssembly (193ms)
			ExecutionOrderSort (0ms)
			DisableScriptedObjects (4ms)
			BackupInstance (0ms)
			ReleaseScriptingObjects (0ms)
			CreateAndSetChildDomain (149ms)
		EndReloadAssembly (565ms)
			LoadAssemblies (73ms)
			RebuildTransferFunctionScriptingTraits (0ms)
			SetupTypeCache (167ms)
			ReleaseScriptCaches (1ms)
			RebuildScriptCaches (35ms)
			SetupLoadedEditorAssemblies (268ms)
				LogAssemblyErrors (0ms)
				InitializePlatformSupportModulesInManaged (12ms)
				SetLoadedEditorAssemblies (0ms)
				RefreshPlugins (65ms)
				BeforeProcessingInitializeOnLoad (59ms)
				ProcessInitializeOnLoadAttributes (116ms)
				ProcessInitializeOnLoadMethodAttributes (15ms)
				AfterProcessingInitializeOnLoad (1ms)
				EditorAssembliesLoaded (0ms)
			ExecutionOrderSort2 (0ms)
			AwakeInstancesAfterBackupRestoration (1ms)
Platform modules already initialized, skipping
========================================================================
Worker process is ready to serve import requests
Launching external process: /Applications/Unity/Hub/Editor/2021.3.4f1/Unity.app/Contents/Tools/UnityShaderCompiler
Launched and connected shader compiler UnityShaderCompiler after 0.03 seconds
Refreshing native plugins compatible for Editor in 0.47 ms, found 2 plugins.
Preloading 0 native plugins for Editor in 0.00 ms.
Unloading 4067 Unused Serialized files (Serialized files now loaded: 0)
Unloading 27 unused Assets / (39.3 KB). Loaded Objects now: 4534.
Memory consumption went from 126.0 MB to 125.9 MB.
Total: 2.362541 ms (FindLiveObjects: 0.129250 ms CreateObjectMapping: 0.058084 ms MarkObjects: 2.092500 ms  DeleteObjects: 0.082167 ms)

AssetImportParameters requested are different than current active one (requested -> active):
  custom:video-decoder-ogg-theora: a1e56fd34408186e4bbccfd4996cb3dc -> 
  custom:container-muxer-webm: aa71ff27fc2769a1b78a27578f13a17b -> 
  custom:container-demuxer-webm: 4f35f7cbe854078d1ac9338744f61a02 -> 
  custom:video-encoder-webm-vp8: eb34c28f22e8b96e1ab97ce403110664 -> 
  custom:framework-osx-AVFoundation: e770b220cccbd017edd2c1fefb359320 -> 
  custom:audio-encoder-webm-vorbis: bf7c407c2cedff20999df2af8eb42d56 -> 
  custom:container-demuxer-ogg: 62fdf1f143b41e24485cea50d1cbac27 -> 
  custom:video-decoder-webm-vp8: 9c59270c3fd7afecdb556c50c9e8de78 -> 
  custom:audio-decoder-ogg-vorbis: bf7c407c2cedff20999df2af8eb42d56 -> 
========================================================================
Received Import Request.
  Time since last request: 5941.103812 seconds.
  path: Assets/Stylized Wood Textures/Textures
  artifactKey: Guid(1936428fe564a324f849422d248400de) Importer(815301076,1909f56bfc062723c751e8b465ee728b)
Start importing Assets/Stylized Wood Textures/Textures using Guid(1936428fe564a324f849422d248400de) Importer(815301076,1909f56bfc062723c751e8b465ee728b)  -> (artifact id: '1d1b63f88df6d3efdba5af48d5ea13c8') in 0.004648 seconds 
========================================================================
Received Import Request.
  Time since last request: 386.411205 seconds.
  path: Assets/Stylized Wood Textures/Materials/Planks/Planks.mat
  artifactKey: Guid(a384b583426023d4da68d3f25e868451) Importer(815301076,1909f56bfc062723c751e8b465ee728b)
Start importing Assets/Stylized Wood Textures/Materials/Planks/Planks.mat using Guid(a384b583426023d4da68d3f25e868451) Importer(815301076,1909f56bfc062723c751e8b465ee728b)  -> (artifact id: 'e390e8b43e04e20a11168baf7837d880') in 0.420419 seconds 
========================================================================
Received Import Request.
  Time since last request: 1233.581979 seconds.
  path: Assets/ADI/Voxel Office Props/Prefabs/keypad.prefab
  artifactKey: Guid(769d0371e7869b74db5b2dd0139d5279) Importer(815301076,1909f56bfc062723c751e8b465ee728b)
Start importing Assets/ADI/Voxel Office Props/Prefabs/keypad.prefab using Guid(769d0371e7869b74db5b2dd0139d5279) Importer(815301076,1909f56bfc062723c751e8b465ee728b)  -> (artifact id: '4a8d8250c635dcac277b0df14a134676') in 0.092546 seconds 
========================================================================
Received Import Request.
  Time since last request: 0.000053 seconds.
  path: Assets/ADI/Voxel Office Props/Prefabs/lamp.prefab
  artifactKey: Guid(d4e217778e534cb4fa3724d3da631d58) Importer(815301076,1909f56bfc062723c751e8b465ee728b)
Start importing Assets/ADI/Voxel Office Props/Prefabs/lamp.prefab using Guid(d4e217778e534cb4fa3724d3da631d58) Importer(815301076,1909f56bfc062723c751e8b465ee728b)  -> (artifact id: '129a27df9ec4f229a6e4f3bb92356a9f') in 0.007131 seconds 
========================================================================
Received Import Request.
  Time since last request: 0.000036 seconds.
  path: Assets/ADI/Voxel Office Props/Prefabs/pc.prefab
  artifactKey: Guid(f92a252e273fcb349b88813895ab0264) Importer(815301076,1909f56bfc062723c751e8b465ee728b)
Start importing Assets/ADI/Voxel Office Props/Prefabs/pc.prefab using Guid(f92a252e273fcb349b88813895ab0264) Importer(815301076,1909f56bfc062723c751e8b465ee728b)  -> (artifact id: '13128d9fd25c706fee0ac5c1e4d751f3') in 0.004685 seconds 
========================================================================
Received Import Request.
  Time since last request: 0.000038 seconds.
  path: Assets/ADI/Voxel Office Props/Prefabs/phone.prefab
  artifactKey: Guid(06416f0090eabed4d9c9ad1ede4ed373) Importer(815301076,1909f56bfc062723c751e8b465ee728b)
Start importing Assets/ADI/Voxel Office Props/Prefabs/phone.prefab using Guid(06416f0090eabed4d9c9ad1ede4ed373) Importer(815301076,1909f56bfc062723c751e8b465ee728b)  -> (artifact id: '22b40d2962f73763a989f37aa40a85bf') in 0.005314 seconds 
========================================================================
Received Import Request.
  Time since last request: 0.000024 seconds.
  path: Assets/ADI/Voxel Office Props/Prefabs/printer2.prefab
  artifactKey: Guid(f91c6e282a539734e94d481779bb454d) Importer(815301076,1909f56bfc062723c751e8b465ee728b)
Start importing Assets/ADI/Voxel Office Props/Prefabs/printer2.prefab using Guid(f91c6e282a539734e94d481779bb454d) Importer(815301076,1909f56bfc062723c751e8b465ee728b)  -> (artifact id: 'a291deb016bcc9be7cd8fabb7daf2a50') in 0.008404 seconds 
========================================================================
Received Import Request.
  Time since last request: 0.000046 seconds.
  path: Assets/ADI/Voxel Office Props/Prefabs/monitor.prefab
  artifactKey: Guid(485ba0c36b8ffd8429f8d143445b0cc8) Importer(815301076,1909f56bfc062723c751e8b465ee728b)
Start importing Assets/ADI/Voxel Office Props/Prefabs/monitor.prefab using Guid(485ba0c36b8ffd8429f8d143445b0cc8) Importer(815301076,1909f56bfc062723c751e8b465ee728b)  -> (artifact id: 'fc5b12461e109724e690dcc2f5dc194a') in 0.007220 seconds 
========================================================================
Received Import Request.
  Time since last request: 0.000122 seconds.
  path: Assets/ADI/Voxel Office Props/Prefabs/tableEndLit.prefab
  artifactKey: Guid(933c5ab141b1aec46b263105a2d58288) Importer(815301076,1909f56bfc062723c751e8b465ee728b)
Start importing Assets/ADI/Voxel Office Props/Prefabs/tableEndLit.prefab using Guid(933c5ab141b1aec46b263105a2d58288) Importer(815301076,1909f56bfc062723c751e8b465ee728b)  -> (artifact id: 'a1207241cfaabdc670c6529e798cfac7') in 0.007164 seconds 
========================================================================
Received Import Request.
  Time since last request: 0.000061 seconds.
  path: Assets/ADI/Voxel Office Props/Prefabs/smartPhone.prefab
  artifactKey: Guid(55938a3ad12a56d45af0710ba85a7f67) Importer(815301076,1909f56bfc062723c751e8b465ee728b)
Start importing Assets/ADI/Voxel Office Props/Prefabs/smartPhone.prefab using Guid(55938a3ad12a56d45af0710ba85a7f67) Importer(815301076,1909f56bfc062723c751e8b465ee728b)  -> (artifact id: '00daba8401e1be5e6ae29890eb6bc0a8') in 0.009190 seconds 
========================================================================
Received Import Request.
  Time since last request: 0.000034 seconds.
  path: Assets/ADI/Voxel Office Props/Prefabs/printer.prefab
  artifactKey: Guid(79a5b937093a5864d91d9a3a836ff1d7) Importer(815301076,1909f56bfc062723c751e8b465ee728b)
Start importing Assets/ADI/Voxel Office Props/Prefabs/printer.prefab using Guid(79a5b937093a5864d91d9a3a836ff1d7) Importer(815301076,1909f56bfc062723c751e8b465ee728b)  -> (artifact id: 'cdb04e25ad2f084e76ab6774b1709163') in 0.006009 seconds 
========================================================================
Received Import Request.
  Time since last request: 0.000037 seconds.
  path: Assets/ADI/Voxel Office Props/Prefabs/projector.prefab
  artifactKey: Guid(e46c83b5705b0a9429c8836bab32da4f) Importer(815301076,1909f56bfc062723c751e8b465ee728b)
Start importing Assets/ADI/Voxel Office Props/Prefabs/projector.prefab using Guid(e46c83b5705b0a9429c8836bab32da4f) Importer(815301076,1909f56bfc062723c751e8b465ee728b)  -> (artifact id: 'd7a5ad1033f4b43836f80389c486190c') in 0.007057 seconds 
========================================================================
Received Import Request.
  Time since last request: 0.000056 seconds.
  path: Assets/ADI/Voxel Office Props/Prefabs/laptop.prefab
  artifactKey: Guid(390b7f13f064f5745b7c4ac57b227424) Importer(815301076,1909f56bfc062723c751e8b465ee728b)
Start importing Assets/ADI/Voxel Office Props/Prefabs/laptop.prefab using Guid(390b7f13f064f5745b7c4ac57b227424) Importer(815301076,1909f56bfc062723c751e8b465ee728b)  -> (artifact id: '75dee7ac74232175b4cb348897a22470') in 0.005720 seconds 
========================================================================
Received Import Request.
  Time since last request: 0.000040 seconds.
  path: Assets/ADI/Voxel Office Props/Prefabs/tableCentreLit.prefab
  artifactKey: Guid(c1d75a91ec5a28c4689c58e8f48d944c) Importer(815301076,1909f56bfc062723c751e8b465ee728b)
Start importing Assets/ADI/Voxel Office Props/Prefabs/tableCentreLit.prefab using Guid(c1d75a91ec5a28c4689c58e8f48d944c) Importer(815301076,1909f56bfc062723c751e8b465ee728b)  -> (artifact id: '41b06398bf0df8d9d9f196438fc888c2') in 0.006322 seconds 
========================================================================
Received Import Request.
  Time since last request: 2.214038 seconds.
  path: Assets/ADI/Voxel Office Props/Models/chairBack1.obj
  artifactKey: Guid(d15483e18c4f458488489d7e895c3879) Importer(815301076,1909f56bfc062723c751e8b465ee728b)
Start importing Assets/ADI/Voxel Office Props/Models/chairBack1.obj using Guid(d15483e18c4f458488489d7e895c3879) Importer(815301076,1909f56bfc062723c751e8b465ee728b)  -> (artifact id: 'bfd48669236f0925d3e47fe90c61319d') in 1.110919 seconds 
========================================================================
Received Import Request.
  Time since last request: 0.000038 seconds.
  path: Assets/ADI/Voxel Office Props/Models/fillingCabinetNoDraws.obj
  artifactKey: Guid(7e41545246e099d4da103b6631f9489b) Importer(815301076,1909f56bfc062723c751e8b465ee728b)
Start importing Assets/ADI/Voxel Office Props/Models/fillingCabinetNoDraws.obj using Guid(7e41545246e099d4da103b6631f9489b) Importer(815301076,1909f56bfc062723c751e8b465ee728b)  -> (artifact id: 'd6ed8c77d8673244b2b2c4ca271483b4') in 0.010690 seconds 
========================================================================
Received Import Request.
  Time since last request: 0.000026 seconds.
  path: Assets/ADI/Voxel Office Props/Models/monitor.obj
  artifactKey: Guid(8244cab4f6e05914fad738744cafc22a) Importer(815301076,1909f56bfc062723c751e8b465ee728b)
Start importing Assets/ADI/Voxel Office Props/Models/monitor.obj using Guid(8244cab4f6e05914fad738744cafc22a) Importer(815301076,1909f56bfc062723c751e8b465ee728b)  -> (artifact id: 'e0b15cfbf4fcdbd40bc6455837f8a0d5') in 0.009217 seconds 
========================================================================
Received Import Request.
  Time since last request: 0.000031 seconds.
  path: Assets/ADI/Voxel Office Props/Models/laptop.obj
  artifactKey: Guid(e5948365778fafb40a1465acdd6674f6) Importer(815301076,1909f56bfc062723c751e8b465ee728b)
Start importing Assets/ADI/Voxel Office Props/Models/laptop.obj using Guid(e5948365778fafb40a1465acdd6674f6) Importer(815301076,1909f56bfc062723c751e8b465ee728b)  -> (artifact id: 'd0ee3388a1920692eac40d1189fb7f0e') in 0.010315 seconds 
========================================================================
Received Import Request.
  Time since last request: 0.000040 seconds.
  path: Assets/ADI/Voxel Office Props/Models/recycleBin.obj
  artifactKey: Guid(0601c3655df9cfe4db6782e99bc7c9f3) Importer(815301076,1909f56bfc062723c751e8b465ee728b)
Start importing Assets/ADI/Voxel Office Props/Models/recycleBin.obj using Guid(0601c3655df9cfe4db6782e99bc7c9f3) Importer(815301076,1909f56bfc062723c751e8b465ee728b)  -> (artifact id: '375f95d723861d7ea3e9ca73088a40db') in 0.011150 seconds 
========================================================================
Received Import Request.
  Time since last request: 0.000052 seconds.
  path: Assets/ADI/Voxel Office Props/Models/desk1.obj
  artifactKey: Guid(faf84bd1ac83e39468a24b29d415d606) Importer(815301076,1909f56bfc062723c751e8b465ee728b)
Start importing Assets/ADI/Voxel Office Props/Models/desk1.obj using Guid(faf84bd1ac83e39468a24b29d415d606) Importer(815301076,1909f56bfc062723c751e8b465ee728b)  -> (artifact id: '39618cf56a2712bfcd0672453055a3cb') in 0.018454 seconds 
========================================================================
Received Import Request.
  Time since last request: 0.001487 seconds.
  path: Assets/ADI/Voxel Office Props/Models/desk2.obj
  artifactKey: Guid(70e696659d8e2a643b9641b8b2437910) Importer(815301076,1909f56bfc062723c751e8b465ee728b)
Start importing Assets/ADI/Voxel Office Props/Models/desk2.obj using Guid(70e696659d8e2a643b9641b8b2437910) Importer(815301076,1909f56bfc062723c751e8b465ee728b)  -> (artifact id: 'b66bac9aa8c1e6827a2c3ce2e17a6412') in 0.011320 seconds 
========================================================================
Received Import Request.
  Time since last request: 0.000039 seconds.
  path: Assets/ADI/Voxel Office Props/Models/fillingCabinetDraw.obj
  artifactKey: Guid(34bae1490d55ab64db70e07599ca8ca8) Importer(815301076,1909f56bfc062723c751e8b465ee728b)
Start importing Assets/ADI/Voxel Office Props/Models/fillingCabinetDraw.obj using Guid(34bae1490d55ab64db70e07599ca8ca8) Importer(815301076,1909f56bfc062723c751e8b465ee728b)  -> (artifact id: '77a673d5de8111aa647f0edd8ed74080') in 0.011477 seconds 
========================================================================
Received Import Request.
  Time since last request: 0.000032 seconds.
  path: Assets/ADI/Voxel Office Props/Models/phone.obj
  artifactKey: Guid(8c5485112596bc249a989d0b9bc605c9) Importer(815301076,1909f56bfc062723c751e8b465ee728b)
Start importing Assets/ADI/Voxel Office Props/Models/phone.obj using Guid(8c5485112596bc249a989d0b9bc605c9) Importer(815301076,1909f56bfc062723c751e8b465ee728b)  -> (artifact id: '5498747a77fb797a5504f91933ea58ce') in 0.012169 seconds 
========================================================================
Received Import Request.
  Time since last request: 0.000044 seconds.
  path: Assets/ADI/Voxel Office Props/Models/diary.obj
  artifactKey: Guid(c7e8d1fcae89b904fb8d4e3365ec06b6) Importer(815301076,1909f56bfc062723c751e8b465ee728b)
Start importing Assets/ADI/Voxel Office Props/Models/diary.obj using Guid(c7e8d1fcae89b904fb8d4e3365ec06b6) Importer(815301076,1909f56bfc062723c751e8b465ee728b)  -> (artifact id: '410c74144c6ff4ddaa9a8a13081a4eee') in 0.013040 seconds 
========================================================================
Received Import Request.
  Time since last request: 0.000051 seconds.
  path: Assets/ADI/Voxel Office Props/Models/smartPhone.obj
  artifactKey: Guid(a7903522ce785ee449760ce2b5892092) Importer(815301076,1909f56bfc062723c751e8b465ee728b)
Start importing Assets/ADI/Voxel Office Props/Models/smartPhone.obj using Guid(a7903522ce785ee449760ce2b5892092) Importer(815301076,1909f56bfc062723c751e8b465ee728b)  -> (artifact id: '2c7cb0070594614ddb688824678ef182') in 0.012247 seconds 
========================================================================
Received Import Request.
  Time since last request: 0.000039 seconds.
  path: Assets/ADI/Voxel Office Props/Models/tableEndLit.obj
  artifactKey: Guid(e450c1265206c30418da824a4561ff84) Importer(815301076,1909f56bfc062723c751e8b465ee728b)
Start importing Assets/ADI/Voxel Office Props/Models/tableEndLit.obj using Guid(e450c1265206c30418da824a4561ff84) Importer(815301076,1909f56bfc062723c751e8b465ee728b)  -> (artifact id: 'ac584f7969da604cda805ba92eef73ae') in 0.012530 seconds 
========================================================================
Received Import Request.
  Time since last request: 0.000032 seconds.
  path: Assets/ADI/Voxel Office Props/Models/projector.obj
  artifactKey: Guid(147e35324013e63498a57d22c170d631) Importer(815301076,1909f56bfc062723c751e8b465ee728b)
Start importing Assets/ADI/Voxel Office Props/Models/projector.obj using Guid(147e35324013e63498a57d22c170d631) Importer(815301076,1909f56bfc062723c751e8b465ee728b)  -> (artifact id: '89f83f1bd5ef182d9744ab3afd63622b') in 0.014386 seconds 
========================================================================
Received Import Request.
  Time since last request: 0.000039 seconds.
  path: Assets/ADI/Voxel Office Props/Models/tableEnd.obj
  artifactKey: Guid(af62ecfab9c43484bba3fc1c06d65cf1) Importer(815301076,1909f56bfc062723c751e8b465ee728b)
Start importing Assets/ADI/Voxel Office Props/Models/tableEnd.obj using Guid(af62ecfab9c43484bba3fc1c06d65cf1) Importer(815301076,1909f56bfc062723c751e8b465ee728b)  -> (artifact id: 'b711f27ac62211df37201d4956e1bf70') in 0.015988 seconds 
========================================================================
Received Import Request.
  Time since last request: 0.000050 seconds.
  path: Assets/ADI/Voxel Office Props/Models/printer.obj
  artifactKey: Guid(d63661d86a71a2a4b9d00922a0123a75) Importer(815301076,1909f56bfc062723c751e8b465ee728b)
Start importing Assets/ADI/Voxel Office Props/Models/printer.obj using Guid(d63661d86a71a2a4b9d00922a0123a75) Importer(815301076,1909f56bfc062723c751e8b465ee728b)  -> (artifact id: '99522806a9cec1840d369b8974419ddd') in 0.012234 seconds 
========================================================================
Received Import Request.
  Time since last request: 0.000045 seconds.
  path: Assets/ADI/Voxel Office Props/Models/chairBase.obj
  artifactKey: Guid(af425758750c7ad43ab4577686d45f94) Importer(815301076,1909f56bfc062723c751e8b465ee728b)
Start importing Assets/ADI/Voxel Office Props/Models/chairBase.obj using Guid(af425758750c7ad43ab4577686d45f94) Importer(815301076,1909f56bfc062723c751e8b465ee728b)  -> (artifact id: '6516803622ee2270b08ff1281ee07e56') in 0.012280 seconds 
========================================================================
Received Import Request.
  Time since last request: 0.795887 seconds.
  path: Assets/ADI/Voxel Office Props/Materials/fill10.png
  artifactKey: Guid(a0865b3e1d1230548a92c01b2d79cc3e) Importer(815301076,1909f56bfc062723c751e8b465ee728b)
Start importing Assets/ADI/Voxel Office Props/Materials/fill10.png using Guid(a0865b3e1d1230548a92c01b2d79cc3e) Importer(815301076,1909f56bfc062723c751e8b465ee728b)  -> (artifact id: '58b4c4c4fd1ae21b00dc6b94b27cf712') in 0.465313 seconds 
========================================================================
Received Import Request.
  Time since last request: 0.000099 seconds.
  path: Assets/ADI/Voxel Office Props/Materials/modelLitRed.mat
  artifactKey: Guid(1d6d0a96761d42e47bd466b7f94e2ef6) Importer(815301076,1909f56bfc062723c751e8b465ee728b)
Start importing Assets/ADI/Voxel Office Props/Materials/modelLitRed.mat using Guid(1d6d0a96761d42e47bd466b7f94e2ef6) Importer(815301076,1909f56bfc062723c751e8b465ee728b)  -> (artifact id: '1bd98f2e8f5dfd377b4795319b098b80') in 0.007047 seconds 
========================================================================
Received Import Request.
  Time since last request: 0.000043 seconds.
  path: Assets/ADI/Voxel Office Props/Materials/modelLitBlue.mat
  artifactKey: Guid(16f5361cfe0f78545a1406a69f6b58dc) Importer(815301076,1909f56bfc062723c751e8b465ee728b)
Start importing Assets/ADI/Voxel Office Props/Materials/modelLitBlue.mat using Guid(16f5361cfe0f78545a1406a69f6b58dc) Importer(815301076,1909f56bfc062723c751e8b465ee728b)  -> (artifact id: '4957fd42541fa733007a5e07db89ec83') in 0.005201 seconds 
========================================================================
Received Import Request.
  Time since last request: 336.280740 seconds.
  path: Assets/ClusterTutorial/Prefabs/1-1/DiningTable.prefab
  artifactKey: Guid(7f220593b5d80cc469a82df31fc5e43a) Importer(815301076,1909f56bfc062723c751e8b465ee728b)
Start importing Assets/ClusterTutorial/Prefabs/1-1/DiningTable.prefab using Guid(7f220593b5d80cc469a82df31fc5e43a) Importer(815301076,1909f56bfc062723c751e8b465ee728b)  -> (artifact id: '54ee820e92b497d573e23db84e52d7af') in 0.025298 seconds 
========================================================================
Received Import Request.
  Time since last request: 0.000066 seconds.
  path: Assets/ClusterTutorial/Prefabs/1-1/Door-2.prefab
  artifactKey: Guid(0b82d8ba3a19b384b993f2413b2852de) Importer(815301076,1909f56bfc062723c751e8b465ee728b)
Start importing Assets/ClusterTutorial/Prefabs/1-1/Door-2.prefab using Guid(0b82d8ba3a19b384b993f2413b2852de) Importer(815301076,1909f56bfc062723c751e8b465ee728b)  -> (artifact id: '908386d66372fc34fdceb046c13d2e09') in 0.007212 seconds 
========================================================================
Received Import Request.
  Time since last request: 0.000038 seconds.
  path: Assets/ClusterTutorial/Prefabs/1-1/Kabe-2.4_Mado-4.prefab
  artifactKey: Guid(82f54482ed816e54d88d416e55392fa0) Importer(815301076,1909f56bfc062723c751e8b465ee728b)
Start importing Assets/ClusterTutorial/Prefabs/1-1/Kabe-2.4_Mado-4.prefab using Guid(82f54482ed816e54d88d416e55392fa0) Importer(815301076,1909f56bfc062723c751e8b465ee728b)  -> (artifact id: '2e3be2ec2819de8b8df5542a3070c90e') in 0.014798 seconds 
========================================================================
Received Import Request.
  Time since last request: 0.000110 seconds.
  path: Assets/ClusterTutorial/Prefabs/1-1/Kabe-2.4_Door-2.prefab
  artifactKey: Guid(a095b194dfab2b64a9aa385d0d4bdc38) Importer(815301076,1909f56bfc062723c751e8b465ee728b)
Start importing Assets/ClusterTutorial/Prefabs/1-1/Kabe-2.4_Door-2.prefab using Guid(a095b194dfab2b64a9aa385d0d4bdc38) Importer(815301076,1909f56bfc062723c751e8b465ee728b)  -> (artifact id: 'a7ba87a35c4b2ec9303cbf30c281f1de') in 0.014509 seconds 
========================================================================
Received Import Request.
  Time since last request: 0.000029 seconds.
  path: Assets/ClusterTutorial/Prefabs/1-1/Kabe-2.4-1.prefab
  artifactKey: Guid(3b75dc149bd4bfa41acefce394ea8f32) Importer(815301076,1909f56bfc062723c751e8b465ee728b)
Start importing Assets/ClusterTutorial/Prefabs/1-1/Kabe-2.4-1.prefab using Guid(3b75dc149bd4bfa41acefce394ea8f32) Importer(815301076,1909f56bfc062723c751e8b465ee728b)  -> (artifact id: 'e838c38e79e6f983e9732e76eea49ec4') in 0.006408 seconds 
========================================================================
Received Import Request.
  Time since last request: 0.000034 seconds.
  path: Assets/ClusterTutorial/Prefabs/1-1/Kabe-2.4_Mado-2.prefab
  artifactKey: Guid(5f71813603d5e25479745613a8f5397e) Importer(815301076,1909f56bfc062723c751e8b465ee728b)
Start importing Assets/ClusterTutorial/Prefabs/1-1/Kabe-2.4_Mado-2.prefab using Guid(5f71813603d5e25479745613a8f5397e) Importer(815301076,1909f56bfc062723c751e8b465ee728b)  -> (artifact id: '9f51862494375ad8fc7d5e747c5f5e02') in 0.006596 seconds 
========================================================================
Received Import Request.
  Time since last request: 0.000039 seconds.
  path: Assets/ClusterTutorial/Prefabs/1-1/Kabe-2.4_Mado-1.prefab
  artifactKey: Guid(fbaa77c4924ede4468ca1915ae902b88) Importer(815301076,1909f56bfc062723c751e8b465ee728b)
Start importing Assets/ClusterTutorial/Prefabs/1-1/Kabe-2.4_Mado-1.prefab using Guid(fbaa77c4924ede4468ca1915ae902b88) Importer(815301076,1909f56bfc062723c751e8b465ee728b)  -> (artifact id: 'a2ad5fa38799253c2692d6cf3e81cdf3') in 0.009547 seconds 
========================================================================
Received Import Request.
  Time since last request: 0.001331 seconds.
  path: Assets/ClusterTutorial/Prefabs/1-1/Kabe-2.4-2.prefab
  artifactKey: Guid(ee9d1033664bbf74dafa21cc91ce5772) Importer(815301076,1909f56bfc062723c751e8b465ee728b)
Start importing Assets/ClusterTutorial/Prefabs/1-1/Kabe-2.4-2.prefab using Guid(ee9d1033664bbf74dafa21cc91ce5772) Importer(815301076,1909f56bfc062723c751e8b465ee728b)  -> (artifact id: 'defed85b47e760b4f5bc4e97e898b42e') in 0.006247 seconds 
========================================================================
Received Import Request.
  Time since last request: 0.000052 seconds.
  path: Assets/ClusterTutorial/Prefabs/1-1/Kabe-2.4-4.prefab
  artifactKey: Guid(c93a32c166dc11445bcdfd28e9ff5798) Importer(815301076,1909f56bfc062723c751e8b465ee728b)
Start importing Assets/ClusterTutorial/Prefabs/1-1/Kabe-2.4-4.prefab using Guid(c93a32c166dc11445bcdfd28e9ff5798) Importer(815301076,1909f56bfc062723c751e8b465ee728b)  -> (artifact id: '727555ad92f6b4c19ad0824216ffc775') in 0.006637 seconds 
========================================================================
Received Import Request.
  Time since last request: 0.000040 seconds.
  path: Assets/ClusterTutorial/Prefabs/1-1/Door-1.prefab
  artifactKey: Guid(4755440850ce0bd449cb826f30715982) Importer(815301076,1909f56bfc062723c751e8b465ee728b)
Start importing Assets/ClusterTutorial/Prefabs/1-1/Door-1.prefab using Guid(4755440850ce0bd449cb826f30715982) Importer(815301076,1909f56bfc062723c751e8b465ee728b)  -> (artifact id: 'e8523e93af8fe3df06d8e2f1447b9a23') in 0.006079 seconds 
========================================================================
Received Import Request.
  Time since last request: 0.000050 seconds.
  path: Assets/ClusterTutorial/Prefabs/1-1/Kabe-2.4_NoDoor-1.prefab
  artifactKey: Guid(9558ad1d7da821341b53cc992ec777ab) Importer(815301076,1909f56bfc062723c751e8b465ee728b)
Start importing Assets/ClusterTutorial/Prefabs/1-1/Kabe-2.4_NoDoor-1.prefab using Guid(9558ad1d7da821341b53cc992ec777ab) Importer(815301076,1909f56bfc062723c751e8b465ee728b)  -> (artifact id: '05cd1104d2e20cb2a782dcad2e497cbd') in 0.006207 seconds 
========================================================================
Received Import Request.
  Time since last request: 264.675893 seconds.
  path: Assets/ClusterTutorial/Prefabs/1-1/Kabe-2.4_NoDoor-3.prefab
  artifactKey: Guid(4a9c1d66485f4b34592ab11069243d1b) Importer(815301076,1909f56bfc062723c751e8b465ee728b)
Start importing Assets/ClusterTutorial/Prefabs/1-1/Kabe-2.4_NoDoor-3.prefab using Guid(4a9c1d66485f4b34592ab11069243d1b) Importer(815301076,1909f56bfc062723c751e8b465ee728b)  -> (artifact id: '1aac9b9036b78bb2451119d4232dc4c9') in 0.013975 seconds 
========================================================================
Received Import Request.
  Time since last request: 0.353154 seconds.
  path: Assets/ClusterTutorial/Prefabs/1-1/Sofa.prefab
  artifactKey: Guid(bb93b3ac73851c34a83ccf46c87639da) Importer(815301076,1909f56bfc062723c751e8b465ee728b)
Start importing Assets/ClusterTutorial/Prefabs/1-1/Sofa.prefab using Guid(bb93b3ac73851c34a83ccf46c87639da) Importer(815301076,1909f56bfc062723c751e8b465ee728b)  -> (artifact id: '11eab43a642bbfd8b97ee19c03f860d6') in 0.007983 seconds 
========================================================================
Received Import Request.
  Time since last request: 0.000034 seconds.
  path: Assets/ClusterTutorial/Prefabs/1-1/SoloTable.prefab
  artifactKey: Guid(62f451edd1fc64a469d895e13f384616) Importer(815301076,1909f56bfc062723c751e8b465ee728b)
Start importing Assets/ClusterTutorial/Prefabs/1-1/SoloTable.prefab using Guid(62f451edd1fc64a469d895e13f384616) Importer(815301076,1909f56bfc062723c751e8b465ee728b)  -> (artifact id: 'a7670fc0c45e2b950adb0b9fc4f03c6c') in 0.073967 seconds 
========================================================================
Received Import Request.
  Time since last request: 0.021509 seconds.
  path: Assets/ClusterTutorial/Prefabs/1-1/Window_NoGlass.prefab
  artifactKey: Guid(79e54f3eda827ad48bc51fe6a583b91a) Importer(815301076,1909f56bfc062723c751e8b465ee728b)
Start importing Assets/ClusterTutorial/Prefabs/1-1/Window_NoGlass.prefab using Guid(79e54f3eda827ad48bc51fe6a583b91a) Importer(815301076,1909f56bfc062723c751e8b465ee728b)  -> (artifact id: 'a876caaa271ae97cbd578f0c785e091f') in 0.006157 seconds 
========================================================================
Received Import Request.
  Time since last request: 0.000054 seconds.
  path: Assets/ClusterTutorial/Prefabs/1-1/Yuka-1.2.prefab
  artifactKey: Guid(ff921869f66e2ca46bccf58c1542571a) Importer(815301076,1909f56bfc062723c751e8b465ee728b)
Start importing Assets/ClusterTutorial/Prefabs/1-1/Yuka-1.2.prefab using Guid(ff921869f66e2ca46bccf58c1542571a) Importer(815301076,1909f56bfc062723c751e8b465ee728b)  -> (artifact id: '3320d5f82cf0b05c5d2daa42441636a4') in 0.006548 seconds 
========================================================================
Received Import Request.
  Time since last request: 11.316540 seconds.
  path: Assets/ClusterTutorial/Textures/1-1/WoodFloor040_1K_NormalDX.jpg
  artifactKey: Guid(cafec2b3bd37a0348a9a1153377a839b) Importer(815301076,1909f56bfc062723c751e8b465ee728b)
Start importing Assets/ClusterTutorial/Textures/1-1/WoodFloor040_1K_NormalDX.jpg using Guid(cafec2b3bd37a0348a9a1153377a839b) Importer(815301076,1909f56bfc062723c751e8b465ee728b)  -> (artifact id: '6b7c012d0f6e791c92c9c4bfb61863c5') in 0.501651 seconds 
========================================================================
Received Import Request.
  Time since last request: 51.253248 seconds.
  path: Assets/ClusterTutorial/Prefabs/2-1/Door-3.prefab
  artifactKey: Guid(5093900a0cc60584bbb4e5abccf06e23) Importer(815301076,1909f56bfc062723c751e8b465ee728b)
Start importing Assets/ClusterTutorial/Prefabs/2-1/Door-3.prefab using Guid(5093900a0cc60584bbb4e5abccf06e23) Importer(815301076,1909f56bfc062723c751e8b465ee728b)  -> (artifact id: 'ec6764dc8c02ed0ae8486e8299ce9ba2') in 0.008375 seconds 
========================================================================
Received Import Request.
  Time since last request: 0.000045 seconds.
  path: Assets/ClusterTutorial/Prefabs/2-1/Floorong-1.prefab
  artifactKey: Guid(d6400c738dc183d4c8272be75d734084) Importer(815301076,1909f56bfc062723c751e8b465ee728b)
Start importing Assets/ClusterTutorial/Prefabs/2-1/Floorong-1.prefab using Guid(d6400c738dc183d4c8272be75d734084) Importer(815301076,1909f56bfc062723c751e8b465ee728b)  -> (artifact id: '34c3797126abed155fe33310af73df4f') in 0.005455 seconds 
========================================================================
Received Import Request.
  Time since last request: 0.000292 seconds.
  path: Assets/ClusterTutorial/Prefabs/2-1/Kabe-2.4_Door-3.prefab
  artifactKey: Guid(76bf18fa3a621db4fba89493c6caec16) Importer(815301076,1909f56bfc062723c751e8b465ee728b)
Start importing Assets/ClusterTutorial/Prefabs/2-1/Kabe-2.4_Door-3.prefab using Guid(76bf18fa3a621db4fba89493c6caec16) Importer(815301076,1909f56bfc062723c751e8b465ee728b)  -> (artifact id: '7c74296ebc739f38cd1d0635f93b76b2') in 0.006233 seconds 
========================================================================
Received Import Request.
  Time since last request: 0.000038 seconds.
  path: Assets/ClusterTutorial/Prefabs/2-1/HoneyComb-8.prefab
  artifactKey: Guid(e8f32ceb6703c3b47be3b203a3955ff1) Importer(815301076,1909f56bfc062723c751e8b465ee728b)
Start importing Assets/ClusterTutorial/Prefabs/2-1/HoneyComb-8.prefab using Guid(e8f32ceb6703c3b47be3b203a3955ff1) Importer(815301076,1909f56bfc062723c751e8b465ee728b)  -> (artifact id: 'bff1650ea97457bd6d8b25184800713d') in 0.006136 seconds 
========================================================================
Received Import Request.
  Time since last request: 0.000032 seconds.
  path: Assets/ClusterTutorial/Prefabs/2-1/Kabe-2.4-4.prefab
  artifactKey: Guid(de17ef1792b227649bec15adcd8b9617) Importer(815301076,1909f56bfc062723c751e8b465ee728b)
Start importing Assets/ClusterTutorial/Prefabs/2-1/Kabe-2.4-4.prefab using Guid(de17ef1792b227649bec15adcd8b9617) Importer(815301076,1909f56bfc062723c751e8b465ee728b)  -> (artifact id: 'ba7f3d291fc002b8e04bbedbbcab59ee') in 0.006574 seconds 
========================================================================
Received Import Request.
  Time since last request: 0.000032 seconds.
  path: Assets/ClusterTutorial/Prefabs/2-1/Kabe-2.4_Mado-3.prefab
  artifactKey: Guid(9cc814f92a2953245bb6e23858fc4228) Importer(815301076,1909f56bfc062723c751e8b465ee728b)
Start importing Assets/ClusterTutorial/Prefabs/2-1/Kabe-2.4_Mado-3.prefab using Guid(9cc814f92a2953245bb6e23858fc4228) Importer(815301076,1909f56bfc062723c751e8b465ee728b)  -> (artifact id: '5e1e229e934a136338852cbe12875144') in 0.005847 seconds 
========================================================================
Received Import Request.
  Time since last request: 0.000037 seconds.
  path: Assets/ClusterTutorial/Prefabs/2-1/Kabe-2.4-2.prefab
  artifactKey: Guid(f75d3f6ed41421c4790232c6ddfffb8b) Importer(815301076,1909f56bfc062723c751e8b465ee728b)
Start importing Assets/ClusterTutorial/Prefabs/2-1/Kabe-2.4-2.prefab using Guid(f75d3f6ed41421c4790232c6ddfffb8b) Importer(815301076,1909f56bfc062723c751e8b465ee728b)  -> (artifact id: 'b447dfd994508011c7d8452e29407344') in 0.005392 seconds 
========================================================================
Received Import Request.
  Time since last request: 0.000044 seconds.
  path: Assets/ClusterTutorial/Prefabs/2-1/PhotoFrame.prefab
  artifactKey: Guid(066c8c0ad2f8d7b4b92b548103dc316c) Importer(815301076,1909f56bfc062723c751e8b465ee728b)
Start importing Assets/ClusterTutorial/Prefabs/2-1/PhotoFrame.prefab using Guid(066c8c0ad2f8d7b4b92b548103dc316c) Importer(815301076,1909f56bfc062723c751e8b465ee728b)  -> (artifact id: '45cb88977df7b4a992e43b09e578e09a') in 0.016976 seconds 
========================================================================
Received Import Request.
  Time since last request: 0.000062 seconds.
  path: Assets/ClusterTutorial/Prefabs/2-1/HoneyComb.prefab
  artifactKey: Guid(00eed856d1f71e047a9724e14d341d53) Importer(815301076,1909f56bfc062723c751e8b465ee728b)
Start importing Assets/ClusterTutorial/Prefabs/2-1/HoneyComb.prefab using Guid(00eed856d1f71e047a9724e14d341d53) Importer(815301076,1909f56bfc062723c751e8b465ee728b)  -> (artifact id: '0a34623ec8158b0e02ac3c5333c87799') in 0.006520 seconds 
========================================================================
Received Import Request.
  Time since last request: 0.000033 seconds.
  path: Assets/ClusterTutorial/Prefabs/2-1/Kabe-2.4_NoDoor-4.prefab
  artifactKey: Guid(ca7078c4ffd4f9949bb442e5e10de9bb) Importer(815301076,1909f56bfc062723c751e8b465ee728b)
Start importing Assets/ClusterTutorial/Prefabs/2-1/Kabe-2.4_NoDoor-4.prefab using Guid(ca7078c4ffd4f9949bb442e5e10de9bb) Importer(815301076,1909f56bfc062723c751e8b465ee728b)  -> (artifact id: 'ca422499d85c091861e51ea7cf29669a') in 0.007686 seconds 
========================================================================
Received Import Request.
  Time since last request: 0.000029 seconds.
  path: Assets/ClusterTutorial/Prefabs/2-1/Kabe-2.4-1.prefab
  artifactKey: Guid(7a4166ebff7b0d3478656f5fda799906) Importer(815301076,1909f56bfc062723c751e8b465ee728b)
Start importing Assets/ClusterTutorial/Prefabs/2-1/Kabe-2.4-1.prefab using Guid(7a4166ebff7b0d3478656f5fda799906) Importer(815301076,1909f56bfc062723c751e8b465ee728b)  -> (artifact id: '252c47c4b25714e29854469bbc8abbd4') in 0.005566 seconds 
========================================================================
Received Import Request.
  Time since last request: 0.000030 seconds.
  path: Assets/ClusterTutorial/Prefabs/2-1/Sofa.prefab
  artifactKey: Guid(eae47b79613150546bb1429c9c8bd9d2) Importer(815301076,1909f56bfc062723c751e8b465ee728b)
Start importing Assets/ClusterTutorial/Prefabs/2-1/Sofa.prefab using Guid(eae47b79613150546bb1429c9c8bd9d2) Importer(815301076,1909f56bfc062723c751e8b465ee728b)  -> (artifact id: 'c82042f25ec8233543f2f789f1a62c07') in 0.006401 seconds 
========================================================================
Received Import Request.
  Time since last request: 0.000035 seconds.
  path: Assets/ClusterTutorial/Prefabs/2-1/Kabe-2.4_Door-1.prefab
  artifactKey: Guid(d64eeb74c4061cf4abc99416851d5a7d) Importer(815301076,1909f56bfc062723c751e8b465ee728b)
Start importing Assets/ClusterTutorial/Prefabs/2-1/Kabe-2.4_Door-1.prefab using Guid(d64eeb74c4061cf4abc99416851d5a7d) Importer(815301076,1909f56bfc062723c751e8b465ee728b)  -> (artifact id: '4f6beeef0d5cd81acd3eeea83155e370') in 0.006487 seconds 
========================================================================
Received Import Request.
  Time since last request: 0.915532 seconds.
  path: Assets/ClusterTutorial/Prefabs/2-1/BookStock.prefab
  artifactKey: Guid(ea4656bf0a4004940a3ab0fadea21f37) Importer(815301076,1909f56bfc062723c751e8b465ee728b)
Start importing Assets/ClusterTutorial/Prefabs/2-1/BookStock.prefab using Guid(ea4656bf0a4004940a3ab0fadea21f37) Importer(815301076,1909f56bfc062723c751e8b465ee728b)  -> (artifact id: '6c668b1d13f5c5684effc59ce7a378ea') in 0.006702 seconds 
========================================================================
Received Import Request.
  Time since last request: 0.000038 seconds.
  path: Assets/ClusterTutorial/Prefabs/2-1/Chair.prefab
  artifactKey: Guid(58077cacc3ae4f448b4674e3abd9d27b) Importer(815301076,1909f56bfc062723c751e8b465ee728b)
Start importing Assets/ClusterTutorial/Prefabs/2-1/Chair.prefab using Guid(58077cacc3ae4f448b4674e3abd9d27b) Importer(815301076,1909f56bfc062723c751e8b465ee728b)  -> (artifact id: '489f3500bf46b8436da7ce7ac3dd60aa') in 0.005919 seconds 
========================================================================
Received Import Request.
  Time since last request: 28.989079 seconds.
  path: Assets/ClusterTutorial/Prefabs/1-1/Door-1.prefab
  artifactKey: Guid(4755440850ce0bd449cb826f30715982) Importer(815301076,1909f56bfc062723c751e8b465ee728b)
Start importing Assets/ClusterTutorial/Prefabs/1-1/Door-1.prefab using Guid(4755440850ce0bd449cb826f30715982) Importer(815301076,1909f56bfc062723c751e8b465ee728b)  -> (artifact id: '55adcb824622f847b3fb6d1f9fa344de') in 0.007652 seconds 
========================================================================
Received Import Request.
  Time since last request: 137.988657 seconds.
  path: Assets/ClusterTutorial/Prefabs/1-1/Sofa.prefab
  artifactKey: Guid(bb93b3ac73851c34a83ccf46c87639da) Importer(815301076,1909f56bfc062723c751e8b465ee728b)
Start importing Assets/ClusterTutorial/Prefabs/1-1/Sofa.prefab using Guid(bb93b3ac73851c34a83ccf46c87639da) Importer(815301076,1909f56bfc062723c751e8b465ee728b)  -> (artifact id: 'a64ea1e5d70afc839603e55c9d382f66') in 0.018415 seconds 
========================================================================
Received Import Request.
  Time since last request: 0.000172 seconds.
  path: Assets/ClusterTutorial/Prefabs/1-1/Window_Glass.prefab
  artifactKey: Guid(96b46c464610dd84096014fbef2a708f) Importer(815301076,1909f56bfc062723c751e8b465ee728b)
Start importing Assets/ClusterTutorial/Prefabs/1-1/Window_Glass.prefab using Guid(96b46c464610dd84096014fbef2a708f) Importer(815301076,1909f56bfc062723c751e8b465ee728b)  -> (artifact id: '5483a7ffc3bb2d6b43915e2ce8667406') in 0.008313 seconds 
========================================================================
Received Import Request.
  Time since last request: 179.935230 seconds.
  path: Assets/ClusterTutorial/Materials/Create 1.mat
  artifactKey: Guid(f97428951eee34762910a599191046db) Importer(815301076,1909f56bfc062723c751e8b465ee728b)
Start importing Assets/ClusterTutorial/Materials/Create 1.mat using Guid(f97428951eee34762910a599191046db) Importer(815301076,1909f56bfc062723c751e8b465ee728b)  -> (artifact id: '2d1961f298bf05a4898edf34b555530b') in 0.015427 seconds 
========================================================================
Received Import Request.
  Time since last request: 0.001627 seconds.
  path: Assets/ClusterTutorial/Materials/Yuka-1.mat
  artifactKey: Guid(fc7f816020e28456d85588e379b9a260) Importer(815301076,1909f56bfc062723c751e8b465ee728b)
Start importing Assets/ClusterTutorial/Materials/Yuka-1.mat using Guid(fc7f816020e28456d85588e379b9a260) Importer(815301076,1909f56bfc062723c751e8b465ee728b)  -> (artifact id: '65ddeea41aa181b7cc80aa1a495afee5') in 0.006930 seconds 
========================================================================
Received Import Request.
  Time since last request: 0.000974 seconds.
  path: Assets/ClusterTutorial/Materials/Metal.mat
  artifactKey: Guid(6dcbe321e400c4c26baf8dcb99657647) Importer(815301076,1909f56bfc062723c751e8b465ee728b)
Start importing Assets/ClusterTutorial/Materials/Metal.mat using Guid(6dcbe321e400c4c26baf8dcb99657647) Importer(815301076,1909f56bfc062723c751e8b465ee728b)  -> (artifact id: '88edd840553b5f1a9a2d083c4d974b40') in 0.005330 seconds 
========================================================================
Received Import Request.
  Time since last request: 0.000073 seconds.
  path: Assets/ClusterTutorial/Materials/DarkBrown.mat
  artifactKey: Guid(442445ff63e5840fcb5c801aa4c9085c) Importer(815301076,1909f56bfc062723c751e8b465ee728b)
Start importing Assets/ClusterTutorial/Materials/DarkBrown.mat using Guid(442445ff63e5840fcb5c801aa4c9085c) Importer(815301076,1909f56bfc062723c751e8b465ee728b)  -> (artifact id: 'c08c1e7d9a2859803d0f01796ee411f3') in 0.005199 seconds 
========================================================================
Received Import Request.
  Time since last request: 0.000035 seconds.
  path: Assets/ClusterTutorial/Materials/Metal 1.mat
  artifactKey: Guid(0d7aab4294449401fb9bf8c04cab93ea) Importer(815301076,1909f56bfc062723c751e8b465ee728b)
Start importing Assets/ClusterTutorial/Materials/Metal 1.mat using Guid(0d7aab4294449401fb9bf8c04cab93ea) Importer(815301076,1909f56bfc062723c751e8b465ee728b)  -> (artifact id: 'f38245ceaa7579fd9bf7f4a8d3814c43') in 0.004525 seconds 
========================================================================
Received Import Request.
  Time since last request: 10.282981 seconds.
  path: Assets/ClusterTutorial/Prefabs/1-1/Kabe-2.4-2.prefab
  artifactKey: Guid(ee9d1033664bbf74dafa21cc91ce5772) Importer(815301076,1909f56bfc062723c751e8b465ee728b)
Start importing Assets/ClusterTutorial/Prefabs/1-1/Kabe-2.4-2.prefab using Guid(ee9d1033664bbf74dafa21cc91ce5772) Importer(815301076,1909f56bfc062723c751e8b465ee728b)  -> (artifact id: '4e0e7645c3a21ab565b3a37714c7b74c') in 0.008707 seconds 
========================================================================
Received Import Request.
  Time since last request: 0.000038 seconds.
  path: Assets/ClusterTutorial/Prefabs/1-1/Kabe-2.4_Door-2.prefab
  artifactKey: Guid(a095b194dfab2b64a9aa385d0d4bdc38) Importer(815301076,1909f56bfc062723c751e8b465ee728b)
Start importing Assets/ClusterTutorial/Prefabs/1-1/Kabe-2.4_Door-2.prefab using Guid(a095b194dfab2b64a9aa385d0d4bdc38) Importer(815301076,1909f56bfc062723c751e8b465ee728b)  -> (artifact id: 'a10381493e84bd2558b7ebfb292f0a9f') in 0.007172 seconds 
========================================================================
Received Import Request.
  Time since last request: 0.000829 seconds.
  path: Assets/ClusterTutorial/Prefabs/1-1/Kabe-2.4_Door-1.prefab
  artifactKey: Guid(a86a77a7c37b59e4bb28fa9f69721192) Importer(815301076,1909f56bfc062723c751e8b465ee728b)
Start importing Assets/ClusterTutorial/Prefabs/1-1/Kabe-2.4_Door-1.prefab using Guid(a86a77a7c37b59e4bb28fa9f69721192) Importer(815301076,1909f56bfc062723c751e8b465ee728b)  -> (artifact id: '3a075245088f0a5df18b42fe480b4816') in 0.005721 seconds 
========================================================================
Received Import Request.
  Time since last request: 0.000033 seconds.
  path: Assets/ClusterTutorial/Prefabs/1-1/Kabe-2.4_Mado-1.prefab
  artifactKey: Guid(fbaa77c4924ede4468ca1915ae902b88) Importer(815301076,1909f56bfc062723c751e8b465ee728b)
Start importing Assets/ClusterTutorial/Prefabs/1-1/Kabe-2.4_Mado-1.prefab using Guid(fbaa77c4924ede4468ca1915ae902b88) Importer(815301076,1909f56bfc062723c751e8b465ee728b)  -> (artifact id: '8516d890570fba15633596050daec1f3') in 0.002043 seconds 
========================================================================
Received Import Request.
  Time since last request: 0.000085 seconds.
  path: Assets/ClusterTutorial/Prefabs/1-1/Kabe-2.4-3.prefab
  artifactKey: Guid(952571eddad2a6145bcc43fb2f379b37) Importer(815301076,1909f56bfc062723c751e8b465ee728b)
Start importing Assets/ClusterTutorial/Prefabs/1-1/Kabe-2.4-3.prefab using Guid(952571eddad2a6145bcc43fb2f379b37) Importer(815301076,1909f56bfc062723c751e8b465ee728b)  -> (artifact id: '3e6ddb3ce0d3de18ba84a28458eaca87') in 0.006203 seconds 
========================================================================
Received Import Request.
  Time since last request: 0.000038 seconds.
  path: Assets/ClusterTutorial/Prefabs/1-1/Window_NoGlass.prefab
  artifactKey: Guid(79e54f3eda827ad48bc51fe6a583b91a) Importer(815301076,1909f56bfc062723c751e8b465ee728b)
Start importing Assets/ClusterTutorial/Prefabs/1-1/Window_NoGlass.prefab using Guid(79e54f3eda827ad48bc51fe6a583b91a) Importer(815301076,1909f56bfc062723c751e8b465ee728b)  -> (artifact id: '724e99b9d5dc207182a7267910da1ef3') in 0.001906 seconds 
========================================================================
Received Import Request.
  Time since last request: 121.428145 seconds.
  path: Assets/ClusterTutorial/Prefabs/2-1/BookStock.prefab
  artifactKey: Guid(ea4656bf0a4004940a3ab0fadea21f37) Importer(815301076,1909f56bfc062723c751e8b465ee728b)
Start importing Assets/ClusterTutorial/Prefabs/2-1/BookStock.prefab using Guid(ea4656bf0a4004940a3ab0fadea21f37) Importer(815301076,1909f56bfc062723c751e8b465ee728b)  -> (artifact id: '2bcba351311c1a8b5c67291074d5b54e') in 0.010295 seconds 
========================================================================
Received Import Request.
  Time since last request: 0.000252 seconds.
  path: Assets/ClusterTutorial/Prefabs/2-1/Kabe-2.4_Door-4.prefab
  artifactKey: Guid(28af13bde00819548a819d6213673c6c) Importer(815301076,1909f56bfc062723c751e8b465ee728b)
Start importing Assets/ClusterTutorial/Prefabs/2-1/Kabe-2.4_Door-4.prefab using Guid(28af13bde00819548a819d6213673c6c) Importer(815301076,1909f56bfc062723c751e8b465ee728b)  -> (artifact id: '4e652faaad51dd48d38a712f43b705ca') in 0.018093 seconds 
========================================================================
Received Import Request.
  Time since last request: 0.000049 seconds.
  path: Assets/ClusterTutorial/Prefabs/2-1/Yuka-1.2.prefab
  artifactKey: Guid(930d5b48724fa5647891a8ba706ce0dd) Importer(815301076,1909f56bfc062723c751e8b465ee728b)
Start importing Assets/ClusterTutorial/Prefabs/2-1/Yuka-1.2.prefab using Guid(930d5b48724fa5647891a8ba706ce0dd) Importer(815301076,1909f56bfc062723c751e8b465ee728b)  -> (artifact id: '746aba35e94d0074cbefcaf1cc49231c') in 0.010871 seconds 
========================================================================
Received Import Request.
  Time since last request: 0.000053 seconds.
  path: Assets/ClusterTutorial/Prefabs/2-1/Kabe-2.4_NoDoor-1.prefab
  artifactKey: Guid(38475efd3ccffba4eb103bc55a5ad82e) Importer(815301076,1909f56bfc062723c751e8b465ee728b)
Start importing Assets/ClusterTutorial/Prefabs/2-1/Kabe-2.4_NoDoor-1.prefab using Guid(38475efd3ccffba4eb103bc55a5ad82e) Importer(815301076,1909f56bfc062723c751e8b465ee728b)  -> (artifact id: 'b767e97675d066ee5824405000dcb831') in 0.003101 seconds 
========================================================================
Received Import Request.
  Time since last request: 0.000034 seconds.
  path: Assets/ClusterTutorial/Prefabs/2-1/Window_NoGlass.prefab
  artifactKey: Guid(ba749b4b153b11c4b8afa76e0b2fbf29) Importer(815301076,1909f56bfc062723c751e8b465ee728b)
Start importing Assets/ClusterTutorial/Prefabs/2-1/Window_NoGlass.prefab using Guid(ba749b4b153b11c4b8afa76e0b2fbf29) Importer(815301076,1909f56bfc062723c751e8b465ee728b)  -> (artifact id: '2c39bed404f1559fa3a5e30b557aadf0') in 0.002512 seconds 
========================================================================
Received Import Request.
  Time since last request: 0.000030 seconds.
  path: Assets/ClusterTutorial/Prefabs/2-1/Kabe-2.4_NoDoor-3.prefab
  artifactKey: Guid(ca72e6151a257ca4e9eb7582faaa9bdb) Importer(815301076,1909f56bfc062723c751e8b465ee728b)
Start importing Assets/ClusterTutorial/Prefabs/2-1/Kabe-2.4_NoDoor-3.prefab using Guid(ca72e6151a257ca4e9eb7582faaa9bdb) Importer(815301076,1909f56bfc062723c751e8b465ee728b)  -> (artifact id: '8266746f62c0b9393b2a150cdd57085c') in 0.003043 seconds 
========================================================================
Received Import Request.
  Time since last request: 0.000061 seconds.
  path: Assets/ClusterTutorial/Prefabs/2-1/Kabe-2.4_Mado-4.prefab
  artifactKey: Guid(2c55a313b3e78844e9ba7ec4957cf174) Importer(815301076,1909f56bfc062723c751e8b465ee728b)
Start importing Assets/ClusterTutorial/Prefabs/2-1/Kabe-2.4_Mado-4.prefab using Guid(2c55a313b3e78844e9ba7ec4957cf174) Importer(815301076,1909f56bfc062723c751e8b465ee728b)  -> (artifact id: 'b2047e9a4d2912181d1a9e92d06411af') in 0.002706 seconds 
========================================================================
Received Import Request.
  Time since last request: 0.000051 seconds.
  path: Assets/ClusterTutorial/Prefabs/2-1/Door-1.prefab
  artifactKey: Guid(06612c19e470fda47b0118fcfa5df942) Importer(815301076,1909f56bfc062723c751e8b465ee728b)
Start importing Assets/ClusterTutorial/Prefabs/2-1/Door-1.prefab using Guid(06612c19e470fda47b0118fcfa5df942) Importer(815301076,1909f56bfc062723c751e8b465ee728b)  -> (artifact id: '16181c108faac5a9464e2c403a1676cf') in 0.001928 seconds 
========================================================================
Received Import Request.
  Time since last request: 0.000190 seconds.
  path: Assets/ClusterTutorial/Prefabs/2-1/SoloTable.prefab
  artifactKey: Guid(b06a746dddf5ee543b87b2a127ab3ec5) Importer(815301076,1909f56bfc062723c751e8b465ee728b)
Start importing Assets/ClusterTutorial/Prefabs/2-1/SoloTable.prefab using Guid(b06a746dddf5ee543b87b2a127ab3ec5) Importer(815301076,1909f56bfc062723c751e8b465ee728b)  -> (artifact id: '9fac40c67b8a7d36bc75cb46e8162cb1') in 0.007078 seconds 
========================================================================
Received Import Request.
  Time since last request: 0.000052 seconds.
  path: Assets/ClusterTutorial/Prefabs/2-1/Kabe-2.4-2.prefab
  artifactKey: Guid(f75d3f6ed41421c4790232c6ddfffb8b) Importer(815301076,1909f56bfc062723c751e8b465ee728b)
Start importing Assets/ClusterTutorial/Prefabs/2-1/Kabe-2.4-2.prefab using Guid(f75d3f6ed41421c4790232c6ddfffb8b) Importer(815301076,1909f56bfc062723c751e8b465ee728b)  -> (artifact id: '3905ef68511b20dbfbb613a63ae5669e') in 0.005688 seconds 
========================================================================
Received Import Request.
  Time since last request: 0.001183 seconds.
  path: Assets/ClusterTutorial/Prefabs/2-1/PhotoFrame.prefab
  artifactKey: Guid(066c8c0ad2f8d7b4b92b548103dc316c) Importer(815301076,1909f56bfc062723c751e8b465ee728b)
Start importing Assets/ClusterTutorial/Prefabs/2-1/PhotoFrame.prefab using Guid(066c8c0ad2f8d7b4b92b548103dc316c) Importer(815301076,1909f56bfc062723c751e8b465ee728b)  -> (artifact id: '9c886fe06309a663f6e95e24b9d78403') in 0.002342 seconds 
========================================================================
Received Import Request.
  Time since last request: 0.000031 seconds.
  path: Assets/ClusterTutorial/Prefabs/2-1/Kabe-2.4_NoDoor-2.prefab
  artifactKey: Guid(ebc05506389a0b4429d3c41208ec7165) Importer(815301076,1909f56bfc062723c751e8b465ee728b)
Start importing Assets/ClusterTutorial/Prefabs/2-1/Kabe-2.4_NoDoor-2.prefab using Guid(ebc05506389a0b4429d3c41208ec7165) Importer(815301076,1909f56bfc062723c751e8b465ee728b)  -> (artifact id: '07fbbeef30ddd003091a8b739c8869b7') in 0.001780 seconds 
========================================================================
Received Import Request.
  Time since last request: 0.000041 seconds.
  path: Assets/ClusterTutorial/Prefabs/2-1/Kabe-2.4_NoDoor-4.prefab
  artifactKey: Guid(ca7078c4ffd4f9949bb442e5e10de9bb) Importer(815301076,1909f56bfc062723c751e8b465ee728b)
Start importing Assets/ClusterTutorial/Prefabs/2-1/Kabe-2.4_NoDoor-4.prefab using Guid(ca7078c4ffd4f9949bb442e5e10de9bb) Importer(815301076,1909f56bfc062723c751e8b465ee728b)  -> (artifact id: '3b4eadac0f4b2cf6326bf897bc5a0b87') in 0.003052 seconds 
========================================================================
Received Import Request.
  Time since last request: 0.000032 seconds.
  path: Assets/ClusterTutorial/Prefabs/2-1/Sofa.prefab
  artifactKey: Guid(eae47b79613150546bb1429c9c8bd9d2) Importer(815301076,1909f56bfc062723c751e8b465ee728b)
Start importing Assets/ClusterTutorial/Prefabs/2-1/Sofa.prefab using Guid(eae47b79613150546bb1429c9c8bd9d2) Importer(815301076,1909f56bfc062723c751e8b465ee728b)  -> (artifact id: 'ac1f14d5499bcf3c3ca7fbf4c1e428d4') in 0.002440 seconds 
========================================================================
Received Import Request.
  Time since last request: 0.000050 seconds.
  path: Assets/ClusterTutorial/Prefabs/2-1/Kabe-2.4_Mado-1.prefab
  artifactKey: Guid(1bc4ab679556b0a4993af5a3f4edc464) Importer(815301076,1909f56bfc062723c751e8b465ee728b)
Start importing Assets/ClusterTutorial/Prefabs/2-1/Kabe-2.4_Mado-1.prefab using Guid(1bc4ab679556b0a4993af5a3f4edc464) Importer(815301076,1909f56bfc062723c751e8b465ee728b)  -> (artifact id: '2acd8807600b4b072f772b22639a95ac') in 0.001628 seconds 
========================================================================
Received Import Request.
  Time since last request: 28.892400 seconds.
  path: Assets/ClusterTutorial/Prefabs/1-1/Kabe-2.4_Door-2.prefab
  artifactKey: Guid(a095b194dfab2b64a9aa385d0d4bdc38) Importer(815301076,1909f56bfc062723c751e8b465ee728b)
Start importing Assets/ClusterTutorial/Prefabs/1-1/Kabe-2.4_Door-2.prefab using Guid(a095b194dfab2b64a9aa385d0d4bdc38) Importer(815301076,1909f56bfc062723c751e8b465ee728b)  -> (artifact id: '98dfe132f0ad26d9c540a78ba7f3aa76') in 0.002389 seconds 
========================================================================
Received Import Request.
  Time since last request: 0.000035 seconds.
  path: Assets/ClusterTutorial/Prefabs/1-1/Kabe-2.4_Door-3.prefab
  artifactKey: Guid(f8d3615778399c34e8c208277eab8d88) Importer(815301076,1909f56bfc062723c751e8b465ee728b)
Start importing Assets/ClusterTutorial/Prefabs/1-1/Kabe-2.4_Door-3.prefab using Guid(f8d3615778399c34e8c208277eab8d88) Importer(815301076,1909f56bfc062723c751e8b465ee728b)  -> (artifact id: '4280f3387897c2c789c36c2b28930e4f') in 0.001706 seconds 
========================================================================
Received Import Request.
  Time since last request: 48.698627 seconds.
  path: Assets/ClusterTutorial/Prefabs/2-1/Floorong-1.prefab
  artifactKey: Guid(d6400c738dc183d4c8272be75d734084) Importer(815301076,1909f56bfc062723c751e8b465ee728b)
Start importing Assets/ClusterTutorial/Prefabs/2-1/Floorong-1.prefab using Guid(d6400c738dc183d4c8272be75d734084) Importer(815301076,1909f56bfc062723c751e8b465ee728b)  -> (artifact id: 'd069c5df3e3e7c20b4bace9549540015') in 0.004177 seconds 
========================================================================
Received Import Request.
  Time since last request: 0.000037 seconds.
  path: Assets/ClusterTutorial/Prefabs/2-1/Kabe-2.4_Door-3.prefab
  artifactKey: Guid(76bf18fa3a621db4fba89493c6caec16) Importer(815301076,1909f56bfc062723c751e8b465ee728b)
Start importing Assets/ClusterTutorial/Prefabs/2-1/Kabe-2.4_Door-3.prefab using Guid(76bf18fa3a621db4fba89493c6caec16) Importer(815301076,1909f56bfc062723c751e8b465ee728b)  -> (artifact id: 'a648f348484bba0ddfd066133d6f674e') in 0.004152 seconds 
========================================================================
Received Import Request.
  Time since last request: 0.002966 seconds.
  path: Assets/ClusterTutorial/Prefabs/2-1/Stool.prefab
  artifactKey: Guid(a7ca7b7ffc4711843827712cea692d02) Importer(815301076,1909f56bfc062723c751e8b465ee728b)
Start importing Assets/ClusterTutorial/Prefabs/2-1/Stool.prefab using Guid(a7ca7b7ffc4711843827712cea692d02) Importer(815301076,1909f56bfc062723c751e8b465ee728b)  -> (artifact id: '77848a8283332020201475bf9a4429f0') in 0.002203 seconds 
========================================================================
Received Import Request.
  Time since last request: 0.000038 seconds.
  path: Assets/ClusterTutorial/Prefabs/2-1/SoloTable.prefab
  artifactKey: Guid(b06a746dddf5ee543b87b2a127ab3ec5) Importer(815301076,1909f56bfc062723c751e8b465ee728b)
Start importing Assets/ClusterTutorial/Prefabs/2-1/SoloTable.prefab using Guid(b06a746dddf5ee543b87b2a127ab3ec5) Importer(815301076,1909f56bfc062723c751e8b465ee728b)  -> (artifact id: '6d322b11a964c56f9c7aef8aebbd4ca9') in 0.001855 seconds 
========================================================================
Received Import Request.
  Time since last request: 0.000029 seconds.
  path: Assets/ClusterTutorial/Prefabs/2-1/Floorong-2.prefab
  artifactKey: Guid(788de6e2ec70a804bba6a7345bce6dca) Importer(815301076,1909f56bfc062723c751e8b465ee728b)
Start importing Assets/ClusterTutorial/Prefabs/2-1/Floorong-2.prefab using Guid(788de6e2ec70a804bba6a7345bce6dca) Importer(815301076,1909f56bfc062723c751e8b465ee728b)  -> (artifact id: '0de5d0598b870e271f7420581438c76c') in 0.002835 seconds 
========================================================================
Received Import Request.
  Time since last request: 0.000046 seconds.
  path: Assets/ClusterTutorial/Prefabs/2-1/FreeBox.prefab
  artifactKey: Guid(c03b451e9d3091447bcc74d857fb41fb) Importer(815301076,1909f56bfc062723c751e8b465ee728b)
Start importing Assets/ClusterTutorial/Prefabs/2-1/FreeBox.prefab using Guid(c03b451e9d3091447bcc74d857fb41fb) Importer(815301076,1909f56bfc062723c751e8b465ee728b)  -> (artifact id: '99c372184e6cf502b579656be08b7405') in 0.002083 seconds 
========================================================================
Received Import Request.
  Time since last request: 0.000047 seconds.
  path: Assets/ClusterTutorial/Prefabs/2-1/Kabe-2.4_Mado-1.prefab
  artifactKey: Guid(1bc4ab679556b0a4993af5a3f4edc464) Importer(815301076,1909f56bfc062723c751e8b465ee728b)
Start importing Assets/ClusterTutorial/Prefabs/2-1/Kabe-2.4_Mado-1.prefab using Guid(1bc4ab679556b0a4993af5a3f4edc464) Importer(815301076,1909f56bfc062723c751e8b465ee728b)  -> (artifact id: 'b304b76ad4b684e204f1226fd9d79dc7') in 0.001877 seconds 
